#-----------------------------------------------------------
# Vivado v2018.3 (64-bit)
# SW Build 2405991 on Thu Dec  6 23:38:27 MST 2018
# IP Build 2404404 on Fri Dec  7 01:43:56 MST 2018
# Start of session at: Wed Dec 13 13:48:46 2023
# Process ID: 19208
# Current directory: C:/Users/smj59/final_real/final_real
# Command line: vivado.exe -gui_launcher_event rodinguilauncherevent27816 C:\Users\smj59\final_real\final_real\final_real.xpr
# Log file: C:/Users/smj59/final_real/final_real/vivado.log
# Journal file: C:/Users/smj59/final_real/final_real\vivado.jou
#-----------------------------------------------------------
start_gui
open_project C:/Users/smj59/final_real/final_real/final_real.xpr
INFO: [Project 1-313] Project file moved from 'C:/Users/yk/final_real' since last save.
CRITICAL WARNING: [Project 1-311] Could not find the file 'C:/Users/smj59/final_real/Downloads/Greedy-Snake-Verilog-master/Greedy-Snake-Verilog-master/LaunchImage/launch_1320x770_8_paint.coe', nor could it be found using path 'C:/Users/yk/Downloads/Greedy-Snake-Verilog-master/Greedy-Snake-Verilog-master/LaunchImage/launch_1320x770_8_paint.coe'.
CRITICAL WARNING: [Project 1-311] Could not find the file 'C:/Users/smj59/final_real/Downloads/final.coe', nor could it be found using path 'C:/Users/yk/Downloads/final.coe'.
CRITICAL WARNING: [Project 1-311] Could not find the file 'C:/Users/smj59/final_real/Desktop/intro.coe', nor could it be found using path 'C:/Users/yk/Desktop/intro.coe'.
CRITICAL WARNING: [Project 1-311] Could not find the file 'C:/Users/smj59/final_real/Desktop/intro1.coe', nor could it be found using path 'C:/Users/yk/Desktop/intro1.coe'.
CRITICAL WARNING: [Project 1-311] Could not find the file 'C:/Users/smj59/final_real/Desktop/finalintro.coe', nor could it be found using path 'C:/Users/yk/Desktop/finalintro.coe'.
CRITICAL WARNING: [Project 1-311] Could not find the file 'C:/Users/smj59/final_real/Downloads/Greedy-Snake-Verilog-master/Greedy-Snake-Verilog-master/Code/xdc/Nexys4DDR_Master.xdc', nor could it be found using path 'C:/Users/yk/Downloads/Greedy-Snake-Verilog-master/Greedy-Snake-Verilog-master/Code/xdc/Nexys4DDR_Master.xdc'.
ERROR: [Project 1-208] No val for DA Elab Attr
ERROR: [Runs 36-378] The checkpoint 'C:/Users/smj59/final_real/final_real/final_real.srcs/utils_1/imports/synth_1/top.dcp' was created with 'Vivado v2022.2 (64-bit)', and cannot be opened in this version.
